<?xml version="1.0" encoding="UTF-8"?>
<!-- Generated by org.testng.reporters.JUnitXMLReporter -->
<testsuite ignored="1" hostname="inspiron89" failures="0" tests="2" name="Default test" time="49.166" errors="0" timestamp="02 Aug 2023 05:26:43 GMT">
  <testcase classname="ecommerceTest.ecommerce_TestCase_FormValidations" name="loginSucess" time="13.484"/>
  <testcase classname="ecommerceTest.ecommerce_TestCase_FormValidations" name="loginSucess" time="13.487"/>
  <testcase classname="ecommerceTest.ecommerce_TestCase_FormValidations" name="loginFailure" time="0.0">
    <ignored/>
  </testcase> <!-- loginFailure -->
</testsuite> <!-- Default test -->
