<?xml version="1.0" encoding="UTF-8"?>
<!-- Generated by org.testng.reporters.JUnitXMLReporter -->
<testsuite ignored="0" hostname="inspiron89" failures="0" tests="4" name="Test Case for ecommerce android Cart" time="123.961" errors="0" timestamp="02 Aug 2023 23:05:34 GMT">
  <testcase classname="ecommerceTest.ecommerce_TestCase_CartValidations" name="verifyProductInCart" time="23.605"/>
  <testcase classname="ecommerceTest.ecommerce_TestCase_CartValidations" name="verifyProductInCart" time="22.531"/>
  <testcase classname="ecommerceTest.ecommerce_TestCase_CartValidations" name="verifytotalPriceCalculation" time="19.902"/>
  <testcase classname="ecommerceTest.ecommerce_TestCase_CartValidations" name="verifytotalPriceCalculation" time="19.987"/>
</testsuite> <!-- Test Case for ecommerce android Cart -->
